<?xml version="1.0" encoding="UTF-8"?>
<!-- Generated by org.testng.reporters.JUnitReportReporter -->
<testsuite skipped="0" hostname="QB-TP3-2221" name="Example" tests="1" failures="0" timestamp="2023-02-27T12:57:37 IST" time="8.666" errors="0">
  <testcase name="getstring" time="8.666" classname="Example"/>
  <system-out/>
</testsuite> <!-- Example -->
